# JRE version: Java(TM) SE Runtime Environment (22.0.2+9) (build 22.0.2+9-70)
# Java VM: Java HotSpot(TM) 64-Bit Server VM (22.0.2+9-70, mixed mode, emulated-client, sharing, tiered, compressed oops, compressed class ptrs, g1 gc, windows-amd64)
GC Precious Log:
 CardTable entry size: 512
 Card Set container configuration: InlinePtr #cards 5 size 8 Array Of Cards #cards 12 size 40 Howl #buckets 4 coarsen threshold 1843 Howl Bitmap #cards 512 size 80 coarsen threshold 460 Card regions per heap region 1 cards per card region 2048
 CPUs: 8 total, 8 available
 Memory: 7976M
 Large Page Support: Disabled
 NUMA Support: Disabled
 Compressed Oops: Enabled (32-bit)
 Heap Region Size: 1M
 Heap Min Capacity: 8M
 Heap Initial Capacity: 126M
 Heap Max Capacity: 1996M
 Pre-touch: Disabled
 Parallel Workers: 8
 Concurrent Workers: 2
 Concurrent Refinement Workers: 8
 Periodic GC: Disabled
Heap:
 garbage-first heap   total reserved 2043904K, committed 75776K, used 34800K [0x0000000083400000, 0x0000000100000000)
  region size 1024K, 2 young (2048K), 1 survivors (1024K)
 Metaspace       used 56777K, committed 58048K, reserved 1114112K
  class space    used 7859K, committed 8192K, reserved 1048576K
GC Heap History (20 events):
Event: 892.251 GC heap before
{Heap before GC invocations=42 (full 4):
 garbage-first heap   total reserved 2043904K, committed 73728K, used 56012K [0x0000000083400000, 0x0000000100000000)
  region size 1024K, 35 young (35840K), 3 survivors (3072K)
 Metaspace       used 57217K, committed 57856K, reserved 1114112K
  class space    used 7915K, committed 8192K, reserved 1048576K
}
Event: 892.257 GC heap after
{Heap after GC invocations=43 (full 4):
 garbage-first heap   total reserved 2043904K, committed 73728K, used 33912K [0x0000000083400000, 0x0000000100000000)
  region size 1024K, 5 young (5120K), 5 survivors (5120K)
 Metaspace       used 57217K, committed 57856K, reserved 1114112K
  class space    used 7915K, committed 8192K, reserved 1048576K
}
Event: 998.071 GC heap before
{Heap before GC invocations=43 (full 4):
 garbage-first heap   total reserved 2043904K, committed 73728K, used 55416K [0x0000000083400000, 0x0000000100000000)
  region size 1024K, 26 young (26624K), 5 survivors (5120K)
 Metaspace       used 57285K, committed 57920K, reserved 1114112K
  class space    used 7919K, committed 8192K, reserved 1048576K
}
Event: 998.076 GC heap after
{Heap after GC invocations=44 (full 4):
 garbage-first heap   total reserved 2043904K, committed 108544K, used 35155K [0x0000000083400000, 0x0000000100000000)
  region size 1024K, 1 young (1024K), 1 survivors (1024K)
 Metaspace       used 57285K, committed 57920K, reserved 1114112K
  class space    used 7919K, committed 8192K, reserved 1048576K
}
Event: 1275.016 GC heap before
{Heap before GC invocations=44 (full 4):
 garbage-first heap   total reserved 2043904K, committed 108544K, used 69971K [0x0000000083400000, 0x0000000100000000)
  region size 1024K, 36 young (36864K), 1 survivors (1024K)
 Metaspace       used 57521K, committed 58112K, reserved 1114112K
  class space    used 7957K, committed 8192K, reserved 1048576K
}
Event: 1275.434 GC heap after
{Heap after GC invocations=45 (full 5):
 garbage-first heap   total reserved 2043904K, committed 75776K, used 19561K [0x0000000083400000, 0x0000000100000000)
  region size 1024K, 0 young (0K), 0 survivors (0K)
 Metaspace       used 56756K, committed 58048K, reserved 1114112K
  class space    used 7852K, committed 8192K, reserved 1048576K
}
Event: 1277.083 GC heap before
{Heap before GC invocations=45 (full 5):
 garbage-first heap   total reserved 2043904K, committed 75776K, used 54377K [0x0000000083400000, 0x0000000100000000)
  region size 1024K, 35 young (35840K), 0 survivors (0K)
 Metaspace       used 56908K, committed 58048K, reserved 1114112K
  class space    used 7887K, committed 8192K, reserved 1048576K
}
Event: 1277.094 GC heap after
{Heap after GC invocations=46 (full 5):
 garbage-first heap   total reserved 2043904K, committed 75776K, used 23140K [0x0000000083400000, 0x0000000100000000)
  region size 1024K, 4 young (4096K), 4 survivors (4096K)
 Metaspace       used 56908K, committed 58048K, reserved 1114112K
  class space    used 7887K, committed 8192K, reserved 1048576K
}
Event: 1278.848 GC heap before
{Heap before GC invocations=47 (full 5):
 garbage-first heap   total reserved 2043904K, committed 75776K, used 57956K [0x0000000083400000, 0x0000000100000000)
  region size 1024K, 38 young (38912K), 4 survivors (4096K)
 Metaspace       used 57027K, committed 58048K, reserved 1114112K
  class space    used 7910K, committed 8192K, reserved 1048576K
}
Event: 1278.868 GC heap after
{Heap after GC invocations=48 (full 5):
 garbage-first heap   total reserved 2043904K, committed 75776K, used 33661K [0x0000000083400000, 0x0000000100000000)
  region size 1024K, 5 young (5120K), 5 survivors (5120K)
 Metaspace       used 57027K, committed 58048K, reserved 1114112K
  class space    used 7910K, committed 8192K, reserved 1048576K
}
Event: 1286.781 GC heap before
{Heap before GC invocations=48 (full 5):
 garbage-first heap   total reserved 2043904K, committed 75776K, used 44925K [0x0000000083400000, 0x0000000100000000)
  region size 1024K, 17 young (17408K), 5 survivors (5120K)
 Metaspace       used 57103K, committed 58048K, reserved 1114112K
  class space    used 7915K, committed 8192K, reserved 1048576K
}
Event: 1286.834 GC heap after
{Heap after GC invocations=49 (full 6):
 garbage-first heap   total reserved 2043904K, committed 75776K, used 21177K [0x0000000083400000, 0x0000000100000000)
  region size 1024K, 0 young (0K), 0 survivors (0K)
 Metaspace       used 56854K, committed 58048K, reserved 1114112K
  class space    used 7879K, committed 8192K, reserved 1048576K
}
Event: 1287.573 GC heap before
{Heap before GC invocations=49 (full 6):
 garbage-first heap   total reserved 2043904K, committed 75776K, used 53945K [0x0000000083400000, 0x0000000100000000)
  region size 1024K, 33 young (33792K), 0 survivors (0K)
 Metaspace       used 56929K, committed 58048K, reserved 1114112K
  class space    used 7893K, committed 8192K, reserved 1048576K
}
Event: 1287.577 GC heap after
{Heap after GC invocations=50 (full 6):
 garbage-first heap   total reserved 2043904K, committed 75776K, used 24195K [0x0000000083400000, 0x0000000100000000)
  region size 1024K, 3 young (3072K), 3 survivors (3072K)
 Metaspace       used 56929K, committed 58048K, reserved 1114112K
  class space    used 7893K, committed 8192K, reserved 1048576K
}
Event: 1288.137 GC heap before
{Heap before GC invocations=51 (full 6):
 garbage-first heap   total reserved 2043904K, committed 75776K, used 57987K [0x0000000083400000, 0x0000000100000000)
  region size 1024K, 36 young (36864K), 3 survivors (3072K)
 Metaspace       used 56983K, committed 58048K, reserved 1114112K
  class space    used 7900K, committed 8192K, reserved 1048576K
}
Event: 1288.148 GC heap after
{Heap after GC invocations=52 (full 6):
 garbage-first heap   total reserved 2043904K, committed 75776K, used 33788K [0x0000000083400000, 0x0000000100000000)
  region size 1024K, 5 young (5120K), 5 survivors (5120K)
 Metaspace       used 56983K, committed 58048K, reserved 1114112K
  class space    used 7900K, committed 8192K, reserved 1048576K
}
Event: 1431.557 GC heap before
{Heap before GC invocations=52 (full 6):
 garbage-first heap   total reserved 2043904K, committed 75776K, used 58364K [0x0000000083400000, 0x0000000100000000)
  region size 1024K, 29 young (29696K), 5 survivors (5120K)
 Metaspace       used 57051K, committed 58048K, reserved 1114112K
  class space    used 7903K, committed 8192K, reserved 1048576K
}
Event: 1431.561 GC heap after
{Heap after GC invocations=53 (full 6):
 garbage-first heap   total reserved 2043904K, committed 75776K, used 35218K [0x0000000083400000, 0x0000000100000000)
  region size 1024K, 1 young (1024K), 1 survivors (1024K)
 Metaspace       used 57051K, committed 58048K, reserved 1114112K
  class space    used 7903K, committed 8192K, reserved 1048576K
}
Event: 1660.297 GC heap before
{Heap before GC invocations=53 (full 6):
 garbage-first heap   total reserved 2043904K, committed 75776K, used 61842K [0x0000000083400000, 0x0000000100000000)
  region size 1024K, 27 young (27648K), 1 survivors (1024K)
 Metaspace       used 57051K, committed 58048K, reserved 1114112K
  class space    used 7903K, committed 8192K, reserved 1048576K
}
Event: 1660.299 GC heap after
{Heap after GC invocations=54 (full 6):
 garbage-first heap   total reserved 2043904K, committed 75776K, used 34800K [0x0000000083400000, 0x0000000100000000)
  region size 1024K, 1 young (1024K), 1 survivors (1024K)
 Metaspace       used 57051K, committed 58048K, reserved 1114112K
  class space    used 7903K, committed 8192K, reserved 1048576K
}

